#
# There is insufficient memory for the Java Runtime Environment to continue.
# Native memory allocation (mmap) failed to map 65536 bytes for Failed to commit metaspace.
# Possible reasons:
#   The system is out of physical RAM or swap space
#   The process is running with CompressedOops enabled, and the Java Heap may be blocking the growth of the native heap
# Possible solutions:
#   Reduce memory load on the system
#   Increase physical memory or swap space
#   Check if swap backing store is full
#   Decrease Java heap size (-Xmx/-Xms)
#   Decrease number of Java threads
#   Decrease Java thread stack sizes (-Xss)
#   Set larger code cache with -XX:ReservedCodeCacheSize=
#   JVM is running with Unscaled Compressed Oops mode in which the Java heap is
#     placed in the first 4GB address space. The Java Heap base address is the
#     maximum limit for the native heap growth. Please use -XX:HeapBaseMinAddress
#     to set the Java Heap base and to place the Java Heap above 4GB virtual address.
# This output file may be truncated or incomplete.
#
#  Out of Memory Error (virtualSpaceNode.cpp:110), pid=7664, tid=6044
#
# JRE version: OpenJDK Runtime Environment Temurin-17.0.5+8 (17.0.5+8) (build 17.0.5+8)
# Java VM: OpenJDK 64-Bit Server VM Temurin-17.0.5+8 (17.0.5+8, mixed mode, tiered, compressed oops, compressed class ptrs, parallel gc, windows-amd64)
# No core dump will be written. Minidumps are not enabled by default on client versions of Windows
#

---------------  S U M M A R Y ------------

Command Line: --add-modules=ALL-SYSTEM --add-opens=java.base/java.util=ALL-UNNAMED --add-opens=java.base/java.lang=ALL-UNNAMED --add-opens=java.base/sun.nio.fs=ALL-UNNAMED -Declipse.application=org.eclipse.jdt.ls.core.id1 -Dosgi.bundles.defaultStartLevel=4 -Declipse.product=org.eclipse.jdt.ls.core.product -Djava.import.generatesMetadataFilesAtProjectRoot=false -Dfile.encoding=utf8 -XX:+UseParallelGC -XX:GCTimeRatio=4 -XX:AdaptiveSizePolicyWeight=90 -Dsun.zip.disableMemoryMapping=true -Xmx1G -Xms100m -Xlog:disable -javaagent:c:\Users\com lab\.vscode\extensions\redhat.java-1.14.0-win32-x64\lombok\lombok-1.18.24.jar c:\Users\com lab\.vscode\extensions\redhat.java-1.14.0-win32-x64\server\plugins\org.eclipse.equinox.launcher_1.6.400.v20210924-0641.jar -configuration c:\Users\com lab\AppData\Roaming\Code\User\globalStorage\redhat.java\1.14.0\config_ss_win -data c:\Users\com lab\AppData\Roaming\Code\User\workspaceStorage\37b1555de8e20804078118a20200c750\redhat.java\ss_ws

Host: Pentium(R) Dual-Core  CPU      E6800  @ 3.33GHz, 2 cores, 1G,  Windows 7 , 64 bit Build 7601 (6.1.7601.24545)
Time: Wed Feb  1 13:55:27 2023 Taipei Standard Time elapsed time: 47.961409 seconds (0d 0h 0m 47s)

---------------  T H R E A D  ---------------

Current thread (0x0000000056d82590):  VMThread "VM Thread" [stack: 0x00000000582e0000,0x00000000583e0000] [id=6044]

Stack: [0x00000000582e0000,0x00000000583e0000]
Native frames: (J=compiled Java code, j=interpreted, Vv=VM code, C=native code)
V  [jvm.dll+0x676b3a]
V  [jvm.dll+0x831444]
V  [jvm.dll+0x832bee]
V  [jvm.dll+0x833253]
V  [jvm.dll+0x244ce5]
V  [jvm.dll+0x82d4db]
V  [jvm.dll+0x61b2f6]
V  [jvm.dll+0x1bfd2e]
V  [jvm.dll+0x61dc41]
V  [jvm.dll+0x32be85]
V  [jvm.dll+0x8376fb]
V  [jvm.dll+0x838434]
V  [jvm.dll+0x83894c]
V  [jvm.dll+0x838d24]
V  [jvm.dll+0x838df0]
V  [jvm.dll+0x7e17ea]
V  [jvm.dll+0x6759e5]
C  [ucrtbase.DLL+0x1c1ae]
C  [kernel32.dll+0x1556d]
C  [ntdll.dll+0x5372d]

VM_Operation (0x000000005ee479b0): CollectForMetadataAllocation, mode: safepoint, requested by thread 0x0000000059a49220


---------------  P R O C E S S  ---------------

Threads class SMR info:
_java_thread_list=0x000000005cc0d540, length=23, elements={
0x000000000035cce0, 0x0000000056d94710, 0x0000000056d96290, 0x0000000056dbdc10,
0x0000000056dbe4d0, 0x0000000056dbed90, 0x0000000056dbfa70, 0x0000000056dc1cf0,
0x0000000056dcb420, 0x0000000056dd08e0, 0x00000000003c5fb0, 0x00000000591c9700,
0x0000000059129580, 0x000000005906f990, 0x0000000059307ea0, 0x0000000059b29000,
0x0000000059a47a10, 0x0000000059a47ee0, 0x0000000059a483b0, 0x0000000059a48880,
0x0000000059a48d50, 0x0000000059a49220, 0x0000000059a496f0
}

Java Threads: ( => current thread )
  0x000000000035cce0 JavaThread "main" [_thread_blocked, id=3208, stack(0x00000000021e0000,0x00000000022e0000)]
  0x0000000056d94710 JavaThread "Reference Handler" daemon [_thread_blocked, id=7100, stack(0x0000000058400000,0x0000000058500000)]
  0x0000000056d96290 JavaThread "Finalizer" daemon [_thread_blocked, id=7620, stack(0x00000000585d0000,0x00000000586d0000)]
  0x0000000056dbdc10 JavaThread "Signal Dispatcher" daemon [_thread_blocked, id=6176, stack(0x00000000581d0000,0x00000000582d0000)]
  0x0000000056dbe4d0 JavaThread "Attach Listener" daemon [_thread_blocked, id=6180, stack(0x0000000058860000,0x0000000058960000)]
  0x0000000056dbed90 JavaThread "Service Thread" daemon [_thread_blocked, id=6428, stack(0x0000000058750000,0x0000000058850000)]
  0x0000000056dbfa70 JavaThread "Monitor Deflation Thread" daemon [_thread_blocked, id=6468, stack(0x0000000058ab0000,0x0000000058bb0000)]
  0x0000000056dc1cf0 JavaThread "C2 CompilerThread0" daemon [_thread_blocked, id=4728, stack(0x0000000058cf0000,0x0000000058df0000)]
  0x0000000056dcb420 JavaThread "C1 CompilerThread0" daemon [_thread_blocked, id=4412, stack(0x0000000058980000,0x0000000058a80000)]
  0x0000000056dd08e0 JavaThread "Sweeper thread" daemon [_thread_blocked, id=3456, stack(0x0000000058f40000,0x0000000059040000)]
  0x00000000003c5fb0 JavaThread "Common-Cleaner" daemon [_thread_blocked, id=3172, stack(0x0000000058e40000,0x0000000058f40000)]
  0x00000000591c9700 JavaThread "Notification Thread" daemon [_thread_blocked, id=2896, stack(0x0000000059690000,0x0000000059790000)]
  0x0000000059129580 JavaThread "Active Thread: Equinox Container: 77f6e95d-2125-47f6-b70e-c9124f67c818" [_thread_blocked, id=8016, stack(0x000000005aa70000,0x000000005ab70000)]
  0x000000005906f990 JavaThread "Framework Event Dispatcher: Equinox Container: 77f6e95d-2125-47f6-b70e-c9124f67c818" daemon [_thread_blocked, id=7992, stack(0x000000005ac90000,0x000000005ad90000)]
  0x0000000059307ea0 JavaThread "Start Level: Equinox Container: 77f6e95d-2125-47f6-b70e-c9124f67c818" daemon [_thread_blocked, id=8000, stack(0x000000005ae90000,0x000000005af90000)]
  0x0000000059b29000 JavaThread "SCR Component Actor" daemon [_thread_blocked, id=7784, stack(0x000000005b060000,0x000000005b160000)]
  0x0000000059a47a10 JavaThread "Worker-JM" [_thread_blocked, id=6528, stack(0x000000005bc80000,0x000000005bd80000)]
  0x0000000059a47ee0 JavaThread "Worker-0" [_thread_blocked, id=2248, stack(0x000000005ab90000,0x000000005ac90000)]
  0x0000000059a483b0 JavaThread "Worker-1" [_thread_blocked, id=7120, stack(0x000000005beb0000,0x000000005bfb0000)]
  0x0000000059a48880 JavaThread "JNA Cleaner" daemon [_thread_blocked, id=8084, stack(0x0000000059440000,0x0000000059540000)]
  0x0000000059a48d50 JavaThread "pool-2-thread-1" [_thread_blocked, id=7396, stack(0x000000005e250000,0x000000005e350000)]
  0x0000000059a49220 JavaThread "pool-1-thread-1" [_thread_blocked, id=5004, stack(0x000000005ed50000,0x000000005ee50000)]
  0x0000000059a496f0 JavaThread "Worker-2" [_thread_blocked, id=7376, stack(0x000000005ef40000,0x000000005f040000)]

Other Threads:
=>0x0000000056d82590 VMThread "VM Thread" [stack: 0x00000000582e0000,0x00000000583e0000] [id=6044]
  0x00000000591c9bd0 WatcherThread [stack: 0x0000000058bc0000,0x0000000058cc0000] [id=3748]
  0x0000000000376920 GCTaskThread "GC Thread#0" [stack: 0x0000000014730000,0x0000000014830000] [id=1368]
  0x00000000599897a0 GCTaskThread "GC Thread#1" [stack: 0x000000005a910000,0x000000005aa10000] [id=7896]

Threads with active compile tasks:

VM state: at safepoint (normal execution)

VM Mutex/Monitor currently owned by a thread:  ([mutex/lock_event])
[0x0000000000344770] Metaspace_lock - owner thread: 0x0000000056d82590
[0x0000000000357c90] Threads_lock - owner thread: 0x0000000056d82590
[0x00000000003582c0] Heap_lock - owner thread: 0x0000000059a49220

Heap address: 0x00000000c0000000, size: 1024 MB, Compressed Oops mode: 32-bit

CDS archive(s) not mapped
Compressed class space mapped at: 0x0000000016c00000-0x0000000056c00000, reserved size: 1073741824
Narrow klass base: 0x0000000000000000, Narrow klass shift: 0, Narrow klass range: 0x56c00000

GC Precious Log:
 CPUs: 2 total, 2 available
 Memory: 2047M
 Large Page Support: Disabled
 NUMA Support: Disabled
 Compressed Oops: Enabled (32-bit)
 Alignments: Space 512K, Generation 512K, Heap 2M
 Heap Min Capacity: 100M
 Heap Initial Capacity: 100M
 Heap Max Capacity: 1G
 Pre-touch: Disabled
 Parallel Workers: 2

Heap:
 PSYoungGen      total 21504K, used 0K [0x00000000eab00000, 0x00000000ecb80000, 0x0000000100000000)
  eden space 19456K, 0% used [0x00000000eab00000,0x00000000eab00000,0x00000000ebe00000)
  from space 2048K, 0% used [0x00000000ec380000,0x00000000ec380000,0x00000000ec580000)
  to   space 5632K, 0% used [0x00000000ebe00000,0x00000000ebe00000,0x00000000ec380000)
 ParOldGen       total 68608K, used 24672K [0x00000000c0000000, 0x00000000c4300000, 0x00000000eab00000)
  object space 68608K, 35% used [0x00000000c0000000,0x00000000c1818318,0x00000000c4300000)
 Metaspace       used 35235K, committed 35840K, reserved 1089536K
  class space    used 3552K, committed 3840K, reserved 1048576K

Card table byte_map: [0x00000000144a0000,0x00000000146b0000] _byte_map_base: 0x0000000013ea0000

Marking Bits: (ParMarkBitMap*) 0x000007fedc290dd0
 Begin Bits: [0x0000000014990000, 0x0000000015990000)
 End Bits:   [0x0000000015990000, 0x0000000016990000)

Polling page: 0x0000000000220000

Metaspace:

Usage:
  Non-class:     30.94 MB used.
      Class:      3.47 MB used.
       Both:     34.41 MB used.

Virtual space:
  Non-class space:       40.00 MB reserved,      31.25 MB ( 78%) committed,  5 nodes.
      Class space:        1.00 GB reserved,       3.75 MB ( <1%) committed,  1 nodes.
             Both:        1.04 GB reserved,      35.00 MB (  3%) committed. 

Chunk freelists:
   Non-Class:  3.93 MB
       Class:  284.00 KB
        Both:  4.21 MB

MaxMetaspaceSize: unlimited
CompressedClassSpaceSize: 1.00 GB
Initial GC threshold: 21.00 MB
Current GC threshold: 58.38 MB
CDS: off
MetaspaceReclaimPolicy: balanced
 - commit_granule_bytes: 65536.
 - commit_granule_words: 8192.
 - virtual_space_node_default_size: 1048576.
 - enlarge_chunks_in_place: 1.
 - new_chunks_are_fully_committed: 0.
 - uncommit_free_chunks: 1.
 - use_allocation_guard: 0.
 - handle_deallocations: 1.


Internal statistics:

num_allocs_failed_limit: 6.
num_arena_births: 294.
num_arena_deaths: 14.
num_vsnodes_births: 6.
num_vsnodes_deaths: 0.
num_space_committed: 560.
num_space_uncommitted: 0.
num_chunks_returned_to_freelist: 20.
num_chunks_taken_from_freelist: 1375.
num_chunk_merges: 7.
num_chunk_splits: 893.
num_chunks_enlarged: 600.
num_purges: 2.
num_inconsistent_stats: 0.

CodeHeap 'non-profiled nmethods': size=120064Kb used=1669Kb max_used=1669Kb free=118395Kb
 bounds [0x000000000ce70000, 0x000000000d0e0000, 0x00000000143b0000]
CodeHeap 'profiled nmethods': size=120000Kb used=7344Kb max_used=7344Kb free=112655Kb
 bounds [0x0000000005940000, 0x0000000006070000, 0x000000000ce70000]
CodeHeap 'non-nmethods': size=5696Kb used=1250Kb max_used=1280Kb free=4445Kb
 bounds [0x00000000053b0000, 0x0000000005620000, 0x0000000005940000]
 total_blobs=4164 nmethods=3594 adapters=485
 compilation: enabled
              stopped_count=0, restarted_count=0
 full_count=0

Compilation events (20 events):
Event: 47.697 Thread 0x0000000056dc1cf0 3474       4       java.util.ArrayDeque::pollFirst (36 bytes)
Event: 47.697 Thread 0x0000000056dcb420 3597       2       jdk.internal.org.objectweb.asm.FieldWriter::computeFieldInfoSize (86 bytes)
Event: 47.698 Thread 0x0000000056dcb420 nmethod 3597 0x0000000006069190 code [0x0000000006069360, 0x0000000006069578]
Event: 47.698 Thread 0x0000000056dcb420 3598       3       jdk.internal.org.objectweb.asm.FieldWriter::putFieldInfo (269 bytes)
Event: 47.698 Thread 0x0000000056dcb420 nmethod 3598 0x0000000006069710 code [0x0000000006069980, 0x000000000606a2c8]
Event: 47.699 Thread 0x0000000056dc1cf0 nmethod 3474 0x000000000d010790 code [0x000000000d010900, 0x000000000d0109d8]
Event: 47.699 Thread 0x0000000056dc1cf0 3492       4       org.eclipse.jdt.internal.compiler.classfmt.ClassFileStruct::u1At (16 bytes)
Event: 47.700 Thread 0x0000000056dc1cf0 nmethod 3492 0x000000000d010b10 code [0x000000000d010c80, 0x000000000d010d18]
Event: 47.700 Thread 0x0000000056dc1cf0 3518       4       java.util.stream.Sink::end (1 bytes)
Event: 47.700 Thread 0x0000000056dc1cf0 nmethod 3518 0x000000000d010e10 code [0x000000000d010f80, 0x000000000d010ff8]
Event: 47.700 Thread 0x0000000056dc1cf0 3576       4       org.eclipse.core.runtime.Path::segmentCount (6 bytes)
Event: 47.701 Thread 0x0000000056dc1cf0 nmethod 3576 0x000000000d011110 code [0x000000000d011280, 0x000000000d0112f8]
Event: 47.704 Thread 0x0000000056dcb420 3599       3       jdk.internal.org.objectweb.asm.MethodWriter::putAbstractTypes (31 bytes)
Event: 47.704 Thread 0x0000000056dcb420 nmethod 3599 0x000000000606a690 code [0x000000000606a840, 0x000000000606aa88]
Event: 47.704 Thread 0x0000000056dcb420 3600       3       jdk.internal.org.objectweb.asm.SymbolTable::getType (7 bytes)
Event: 47.704 Thread 0x0000000056dcb420 nmethod 3600 0x000000000606ac10 code [0x000000000606ada0, 0x000000000606aed8]
Event: 47.704 Thread 0x0000000056dcb420 3601       3       java.lang.reflect.ProxyGenerator$ProxyMethod::emitIconstInsn (75 bytes)
Event: 47.704 Thread 0x0000000056dcb420 nmethod 3601 0x000000000606af90 code [0x000000000606b1c0, 0x000000000606ba58]
Event: 47.761 Thread 0x0000000056dcb420 3602       3       jdk.internal.loader.BootLoader::getDefinedPackage (39 bytes)
Event: 47.762 Thread 0x0000000056dcb420 nmethod 3602 0x000000000606bc90 code [0x000000000606be80, 0x000000000606c188]

GC Heap History (20 events):
Event: 30.902 GC heap before
{Heap before GC invocations=7 (full 1):
 PSYoungGen      total 26112K, used 25799K [0x00000000eab00000, 0x00000000ec880000, 0x0000000100000000)
  eden space 25088K, 100% used [0x00000000eab00000,0x00000000ec380000,0x00000000ec380000)
  from space 1024K, 69% used [0x00000000ec400000,0x00000000ec4b1d68,0x00000000ec500000)
  to   space 2560K, 0% used [0x00000000ec600000,0x00000000ec600000,0x00000000ec880000)
 ParOldGen       total 68608K, used 6996K [0x00000000c0000000, 0x00000000c4300000, 0x00000000eab00000)
  object space 68608K, 10% used [0x00000000c0000000,0x00000000c06d51c0,0x00000000c4300000)
 Metaspace       used 27539K, committed 28096K, reserved 1081344K
  class space    used 2657K, committed 2880K, reserved 1048576K
}
Event: 30.907 GC heap after
{Heap after GC invocations=7 (full 1):
 PSYoungGen      total 26112K, used 1199K [0x00000000eab00000, 0x00000000ec780000, 0x0000000100000000)
  eden space 24576K, 0% used [0x00000000eab00000,0x00000000eab00000,0x00000000ec300000)
  from space 1536K, 78% used [0x00000000ec600000,0x00000000ec72be08,0x00000000ec780000)
  to   space 1536K, 0% used [0x00000000ec480000,0x00000000ec480000,0x00000000ec600000)
 ParOldGen       total 68608K, used 7004K [0x00000000c0000000, 0x00000000c4300000, 0x00000000eab00000)
  object space 68608K, 10% used [0x00000000c0000000,0x00000000c06d71c0,0x00000000c4300000)
 Metaspace       used 27539K, committed 28096K, reserved 1081344K
  class space    used 2657K, committed 2880K, reserved 1048576K
}
Event: 40.371 GC heap before
{Heap before GC invocations=8 (full 1):
 PSYoungGen      total 26112K, used 25775K [0x00000000eab00000, 0x00000000ec780000, 0x0000000100000000)
  eden space 24576K, 100% used [0x00000000eab00000,0x00000000ec300000,0x00000000ec300000)
  from space 1536K, 78% used [0x00000000ec600000,0x00000000ec72be08,0x00000000ec780000)
  to   space 1536K, 0% used [0x00000000ec480000,0x00000000ec480000,0x00000000ec600000)
 ParOldGen       total 68608K, used 7004K [0x00000000c0000000, 0x00000000c4300000, 0x00000000eab00000)
  object space 68608K, 10% used [0x00000000c0000000,0x00000000c06d71c0,0x00000000c4300000)
 Metaspace       used 31884K, committed 32640K, reserved 1081344K
  class space    used 3204K, committed 3520K, reserved 1048576K
}
Event: 40.377 GC heap after
{Heap after GC invocations=8 (full 1):
 PSYoungGen      total 25600K, used 1528K [0x00000000eab00000, 0x00000000ec880000, 0x0000000100000000)
  eden space 24064K, 0% used [0x00000000eab00000,0x00000000eab00000,0x00000000ec280000)
  from space 1536K, 99% used [0x00000000ec480000,0x00000000ec5fe108,0x00000000ec600000)
  to   space 2560K, 0% used [0x00000000ec600000,0x00000000ec600000,0x00000000ec880000)
 ParOldGen       total 68608K, used 7951K [0x00000000c0000000, 0x00000000c4300000, 0x00000000eab00000)
  object space 68608K, 11% used [0x00000000c0000000,0x00000000c07c3c60,0x00000000c4300000)
 Metaspace       used 31884K, committed 32640K, reserved 1081344K
  class space    used 3204K, committed 3520K, reserved 1048576K
}
Event: 45.726 GC heap before
{Heap before GC invocations=9 (full 1):
 PSYoungGen      total 25600K, used 25592K [0x00000000eab00000, 0x00000000ec880000, 0x0000000100000000)
  eden space 24064K, 100% used [0x00000000eab00000,0x00000000ec280000,0x00000000ec280000)
  from space 1536K, 99% used [0x00000000ec480000,0x00000000ec5fe108,0x00000000ec600000)
  to   space 2560K, 0% used [0x00000000ec600000,0x00000000ec600000,0x00000000ec880000)
 ParOldGen       total 68608K, used 7951K [0x00000000c0000000, 0x00000000c4300000, 0x00000000eab00000)
  object space 68608K, 11% used [0x00000000c0000000,0x00000000c07c3c60,0x00000000c4300000)
 Metaspace       used 34742K, committed 35392K, reserved 1081344K
  class space    used 3506K, committed 3776K, reserved 1048576K
}
Event: 45.732 GC heap after
{Heap after GC invocations=9 (full 1):
 PSYoungGen      total 26112K, used 2534K [0x00000000eab00000, 0x00000000ec900000, 0x0000000100000000)
  eden space 23552K, 0% used [0x00000000eab00000,0x00000000eab00000,0x00000000ec200000)
  from space 2560K, 98% used [0x00000000ec600000,0x00000000ec8798a0,0x00000000ec880000)
  to   space 3584K, 0% used [0x00000000ec200000,0x00000000ec200000,0x00000000ec580000)
 ParOldGen       total 68608K, used 8719K [0x00000000c0000000, 0x00000000c4300000, 0x00000000eab00000)
  object space 68608K, 12% used [0x00000000c0000000,0x00000000c0883c60,0x00000000c4300000)
 Metaspace       used 34742K, committed 35392K, reserved 1081344K
  class space    used 3506K, committed 3776K, reserved 1048576K
}
Event: 46.235 GC heap before
{Heap before GC invocations=10 (full 1):
 PSYoungGen      total 26112K, used 26086K [0x00000000eab00000, 0x00000000ec900000, 0x0000000100000000)
  eden space 23552K, 100% used [0x00000000eab00000,0x00000000ec200000,0x00000000ec200000)
  from space 2560K, 98% used [0x00000000ec600000,0x00000000ec8798a0,0x00000000ec880000)
  to   space 3584K, 0% used [0x00000000ec200000,0x00000000ec200000,0x00000000ec580000)
 ParOldGen       total 68608K, used 8719K [0x00000000c0000000, 0x00000000c4300000, 0x00000000eab00000)
  object space 68608K, 12% used [0x00000000c0000000,0x00000000c0883c60,0x00000000c4300000)
 Metaspace       used 34927K, committed 35584K, reserved 1081344K
  class space    used 3525K, committed 3840K, reserved 1048576K
}
Event: 46.245 GC heap after
{Heap after GC invocations=10 (full 1):
 PSYoungGen      total 26624K, used 3559K [0x00000000eab00000, 0x00000000ecb80000, 0x0000000100000000)
  eden space 23040K, 0% used [0x00000000eab00000,0x00000000eab00000,0x00000000ec180000)
  from space 3584K, 99% used [0x00000000ec200000,0x00000000ec579f60,0x00000000ec580000)
  to   space 5120K, 0% used [0x00000000ec680000,0x00000000ec680000,0x00000000ecb80000)
 ParOldGen       total 68608K, used 9764K [0x00000000c0000000, 0x00000000c4300000, 0x00000000eab00000)
  object space 68608K, 14% used [0x00000000c0000000,0x00000000c0989340,0x00000000c4300000)
 Metaspace       used 34927K, committed 35584K, reserved 1081344K
  class space    used 3525K, committed 3840K, reserved 1048576K
}
Event: 46.394 GC heap before
{Heap before GC invocations=11 (full 1):
 PSYoungGen      total 26624K, used 26599K [0x00000000eab00000, 0x00000000ecb80000, 0x0000000100000000)
  eden space 23040K, 100% used [0x00000000eab00000,0x00000000ec180000,0x00000000ec180000)
  from space 3584K, 99% used [0x00000000ec200000,0x00000000ec579f60,0x00000000ec580000)
  to   space 5120K, 0% used [0x00000000ec680000,0x00000000ec680000,0x00000000ecb80000)
 ParOldGen       total 68608K, used 9764K [0x00000000c0000000, 0x00000000c4300000, 0x00000000eab00000)
  object space 68608K, 14% used [0x00000000c0000000,0x00000000c0989340,0x00000000c4300000)
 Metaspace       used 34953K, committed 35648K, reserved 1081344K
  class space    used 3525K, committed 3840K, reserved 1048576K
}
Event: 46.405 GC heap after
{Heap after GC invocations=11 (full 1):
 PSYoungGen      total 27136K, used 4114K [0x00000000eab00000, 0x00000000ecb00000, 0x0000000100000000)
  eden space 22528K, 0% used [0x00000000eab00000,0x00000000eab00000,0x00000000ec100000)
  from space 4608K, 89% used [0x00000000ec680000,0x00000000eca84b28,0x00000000ecb00000)
  to   space 4608K, 0% used [0x00000000ec200000,0x00000000ec200000,0x00000000ec680000)
 ParOldGen       total 68608K, used 11339K [0x00000000c0000000, 0x00000000c4300000, 0x00000000eab00000)
  object space 68608K, 16% used [0x00000000c0000000,0x00000000c0b12eb8,0x00000000c4300000)
 Metaspace       used 34953K, committed 35648K, reserved 1081344K
  class space    used 3525K, committed 3840K, reserved 1048576K
}
Event: 47.301 GC heap before
{Heap before GC invocations=12 (full 1):
 PSYoungGen      total 27136K, used 26642K [0x00000000eab00000, 0x00000000ecb00000, 0x0000000100000000)
  eden space 22528K, 100% used [0x00000000eab00000,0x00000000ec100000,0x00000000ec100000)
  from space 4608K, 89% used [0x00000000ec680000,0x00000000eca84b28,0x00000000ecb00000)
  to   space 4608K, 0% used [0x00000000ec200000,0x00000000ec200000,0x00000000ec680000)
 ParOldGen       total 68608K, used 11339K [0x00000000c0000000, 0x00000000c4300000, 0x00000000eab00000)
  object space 68608K, 16% used [0x00000000c0000000,0x00000000c0b12eb8,0x00000000c4300000)
 Metaspace       used 35085K, committed 35712K, reserved 1081344K
  class space    used 3540K, committed 3840K, reserved 1048576K
}
Event: 47.316 GC heap after
{Heap after GC invocations=12 (full 1):
 PSYoungGen      total 24576K, used 2464K [0x00000000eab00000, 0x00000000ec780000, 0x0000000100000000)
  eden space 22016K, 0% used [0x00000000eab00000,0x00000000eab00000,0x00000000ec080000)
  from space 2560K, 96% used [0x00000000ec200000,0x00000000ec468010,0x00000000ec480000)
  to   space 3072K, 0% used [0x00000000ec480000,0x00000000ec480000,0x00000000ec780000)
 ParOldGen       total 68608K, used 15446K [0x00000000c0000000, 0x00000000c4300000, 0x00000000eab00000)
  object space 68608K, 22% used [0x00000000c0000000,0x00000000c0f159e0,0x00000000c4300000)
 Metaspace       used 35085K, committed 35712K, reserved 1081344K
  class space    used 3540K, committed 3840K, reserved 1048576K
}
Event: 47.468 GC heap before
{Heap before GC invocations=13 (full 1):
 PSYoungGen      total 24576K, used 24480K [0x00000000eab00000, 0x00000000ec780000, 0x0000000100000000)
  eden space 22016K, 100% used [0x00000000eab00000,0x00000000ec080000,0x00000000ec080000)
  from space 2560K, 96% used [0x00000000ec200000,0x00000000ec468010,0x00000000ec480000)
  to   space 3072K, 0% used [0x00000000ec480000,0x00000000ec480000,0x00000000ec780000)
 ParOldGen       total 68608K, used 15446K [0x00000000c0000000, 0x00000000c4300000, 0x00000000eab00000)
  object space 68608K, 22% used [0x00000000c0000000,0x00000000c0f159e0,0x00000000c4300000)
 Metaspace       used 35088K, committed 35712K, reserved 1081344K
  class space    used 3540K, committed 3840K, reserved 1048576K
}
Event: 47.478 GC heap after
{Heap after GC invocations=13 (full 1):
 PSYoungGen      total 24576K, used 2464K [0x00000000eab00000, 0x00000000ec700000, 0x0000000100000000)
  eden space 22016K, 0% used [0x00000000eab00000,0x00000000eab00000,0x00000000ec080000)
  from space 2560K, 96% used [0x00000000ec480000,0x00000000ec6e8010,0x00000000ec700000)
  to   space 3072K, 0% used [0x00000000ec100000,0x00000000ec100000,0x00000000ec400000)
 ParOldGen       total 68608K, used 17901K [0x00000000c0000000, 0x00000000c4300000, 0x00000000eab00000)
  object space 68608K, 26% used [0x00000000c0000000,0x00000000c117b468,0x00000000c4300000)
 Metaspace       used 35088K, committed 35712K, reserved 1081344K
  class space    used 3540K, committed 3840K, reserved 1048576K
}
Event: 47.523 GC heap before
{Heap before GC invocations=14 (full 1):
 PSYoungGen      total 24576K, used 24480K [0x00000000eab00000, 0x00000000ec700000, 0x0000000100000000)
  eden space 22016K, 100% used [0x00000000eab00000,0x00000000ec080000,0x00000000ec080000)
  from space 2560K, 96% used [0x00000000ec480000,0x00000000ec6e8010,0x00000000ec700000)
  to   space 3072K, 0% used [0x00000000ec100000,0x00000000ec100000,0x00000000ec400000)
 ParOldGen       total 68608K, used 17901K [0x00000000c0000000, 0x00000000c4300000, 0x00000000eab00000)
  object space 68608K, 26% used [0x00000000c0000000,0x00000000c117b468,0x00000000c4300000)
 Metaspace       used 35088K, committed 35712K, reserved 1081344K
  class space    used 3540K, committed 3840K, reserved 1048576K
}
Event: 47.535 GC heap after
{Heap after GC invocations=14 (full 1):
 PSYoungGen      total 24576K, used 2304K [0x00000000eab00000, 0x00000000ec580000, 0x0000000100000000)
  eden space 22016K, 0% used [0x00000000eab00000,0x00000000eab00000,0x00000000ec080000)
  from space 2560K, 90% used [0x00000000ec100000,0x00000000ec340000,0x00000000ec380000)
  to   space 2048K, 0% used [0x00000000ec380000,0x00000000ec380000,0x00000000ec580000)
 ParOldGen       total 68608K, used 20357K [0x00000000c0000000, 0x00000000c4300000, 0x00000000eab00000)
  object space 68608K, 29% used [0x00000000c0000000,0x00000000c13e1478,0x00000000c4300000)
 Metaspace       used 35088K, committed 35712K, reserved 1081344K
  class space    used 3540K, committed 3840K, reserved 1048576K
}
Event: 47.764 GC heap before
{Heap before GC invocations=15 (full 1):
 PSYoungGen      total 24576K, used 19482K [0x00000000eab00000, 0x00000000ec580000, 0x0000000100000000)
  eden space 22016K, 78% used [0x00000000eab00000,0x00000000ebbc6998,0x00000000ec080000)
  from space 2560K, 90% used [0x00000000ec100000,0x00000000ec340000,0x00000000ec380000)
  to   space 2048K, 0% used [0x00000000ec380000,0x00000000ec380000,0x00000000ec580000)
 ParOldGen       total 68608K, used 20357K [0x00000000c0000000, 0x00000000c4300000, 0x00000000eab00000)
  object space 68608K, 29% used [0x00000000c0000000,0x00000000c13e1478,0x00000000c4300000)
 Metaspace       used 35235K, committed 35840K, reserved 1089536K
  class space    used 3552K, committed 3840K, reserved 1048576K
}
Event: 47.776 GC heap after
{Heap after GC invocations=15 (full 1):
 PSYoungGen      total 21504K, used 2040K [0x00000000eab00000, 0x00000000ecb80000, 0x0000000100000000)
  eden space 19456K, 0% used [0x00000000eab00000,0x00000000eab00000,0x00000000ebe00000)
  from space 2048K, 99% used [0x00000000ec380000,0x00000000ec57e118,0x00000000ec580000)
  to   space 5632K, 0% used [0x00000000ebe00000,0x00000000ebe00000,0x00000000ec380000)
 ParOldGen       total 68608K, used 23071K [0x00000000c0000000, 0x00000000c4300000, 0x00000000eab00000)
  object space 68608K, 33% used [0x00000000c0000000,0x00000000c1687fb0,0x00000000c4300000)
 Metaspace       used 35235K, committed 35840K, reserved 1089536K
  class space    used 3552K, committed 3840K, reserved 1048576K
}
Event: 47.776 GC heap before
{Heap before GC invocations=16 (full 2):
 PSYoungGen      total 21504K, used 2040K [0x00000000eab00000, 0x00000000ecb80000, 0x0000000100000000)
  eden space 19456K, 0% used [0x00000000eab00000,0x00000000eab00000,0x00000000ebe00000)
  from space 2048K, 99% used [0x00000000ec380000,0x00000000ec57e118,0x00000000ec580000)
  to   space 5632K, 0% used [0x00000000ebe00000,0x00000000ebe00000,0x00000000ec380000)
 ParOldGen       total 68608K, used 23071K [0x00000000c0000000, 0x00000000c4300000, 0x00000000eab00000)
  object space 68608K, 33% used [0x00000000c0000000,0x00000000c1687fb0,0x00000000c4300000)
 Metaspace       used 35235K, committed 35840K, reserved 1089536K
  class space    used 3552K, committed 3840K, reserved 1048576K
}
Event: 47.877 GC heap after
{Heap after GC invocations=16 (full 2):
 PSYoungGen      total 21504K, used 0K [0x00000000eab00000, 0x00000000ecb80000, 0x0000000100000000)
  eden space 19456K, 0% used [0x00000000eab00000,0x00000000eab00000,0x00000000ebe00000)
  from space 2048K, 0% used [0x00000000ec380000,0x00000000ec380000,0x00000000ec580000)
  to   space 5632K, 0% used [0x00000000ebe00000,0x00000000ebe00000,0x00000000ec380000)
 ParOldGen       total 68608K, used 24672K [0x00000000c0000000, 0x00000000c4300000, 0x00000000eab00000)
  object space 68608K, 35% used [0x00000000c0000000,0x00000000c1818318,0x00000000c4300000)
 Metaspace       used 35235K, committed 35840K, reserved 1089536K
  class space    used 3552K, committed 3840K, reserved 1048576K
}

Dll operation events (10 events):
Event: 1.498 Loaded shared library c:\Users\com lab\.vscode\extensions\redhat.java-1.14.0-win32-x64\jre\17.0.5-win32-x86_64\bin\java.dll
Event: 6.990 Loaded shared library c:\Users\com lab\.vscode\extensions\redhat.java-1.14.0-win32-x64\jre\17.0.5-win32-x86_64\bin\zip.dll
Event: 7.158 Loaded shared library C:\Users\com lab\.vscode\extensions\redhat.java-1.14.0-win32-x64\jre\17.0.5-win32-x86_64\bin\instrument.dll
Event: 7.642 Loaded shared library C:\Users\com lab\.vscode\extensions\redhat.java-1.14.0-win32-x64\jre\17.0.5-win32-x86_64\bin\net.dll
Event: 7.867 Loaded shared library C:\Users\com lab\.vscode\extensions\redhat.java-1.14.0-win32-x64\jre\17.0.5-win32-x86_64\bin\nio.dll
Event: 7.974 Loaded shared library C:\Users\com lab\.vscode\extensions\redhat.java-1.14.0-win32-x64\jre\17.0.5-win32-x86_64\bin\zip.dll
Event: 8.287 Loaded shared library C:\Users\com lab\.vscode\extensions\redhat.java-1.14.0-win32-x64\jre\17.0.5-win32-x86_64\bin\jimage.dll
Event: 8.761 Loaded shared library c:\Users\com lab\.vscode\extensions\redhat.java-1.14.0-win32-x64\jre\17.0.5-win32-x86_64\bin\verify.dll
Event: 16.223 Loaded shared library C:\Users\com lab\AppData\Roaming\Code\User\globalStorage\redhat.java\1.14.0\config_ss_win\org.eclipse.equinox.launcher\org.eclipse.equinox.launcher.win32.win32.x86_64_1.2.700.v20221108-1024\eclipse_11801.dll
Event: 34.284 Loaded shared library C:\Users\com lab\AppData\Local\Temp\jna-948110958\jna14600204688002264837.dll

Deoptimization events (20 events):
Event: 47.154 Thread 0x0000000059a483b0 DEOPT PACKING pc=0x000000000cfec350 sp=0x000000005bfae2f0
Event: 47.154 Thread 0x0000000059a483b0 DEOPT UNPACKING pc=0x000000000540209d sp=0x000000005bfae250 mode 2
Event: 47.155 Thread 0x0000000059a483b0 Uncommon trap: trap_request=0xffffffbe fr.pc=0x000000000cfecdc0 relative=0x00000000000038e0
Event: 47.155 Thread 0x0000000059a483b0 Uncommon trap: reason=profile_predicate action=maybe_recompile pc=0x000000000cfecdc0 method=org.eclipse.jdt.internal.core.util.HashtableOfArrayToObject.get([Ljava/lang/Object;)Ljava/lang/Object; @ 64 c2
Event: 47.155 Thread 0x0000000059a483b0 DEOPT PACKING pc=0x000000000cfecdc0 sp=0x000000005bfae2f0
Event: 47.155 Thread 0x0000000059a483b0 DEOPT UNPACKING pc=0x000000000540209d sp=0x000000005bfae250 mode 2
Event: 47.155 Thread 0x0000000059a483b0 Uncommon trap: trap_request=0xffffffbe fr.pc=0x000000000cfecdc0 relative=0x00000000000038e0
Event: 47.155 Thread 0x0000000059a483b0 Uncommon trap: reason=profile_predicate action=maybe_recompile pc=0x000000000cfecdc0 method=org.eclipse.jdt.internal.core.util.HashtableOfArrayToObject.get([Ljava/lang/Object;)Ljava/lang/Object; @ 64 c2
Event: 47.155 Thread 0x0000000059a483b0 DEOPT PACKING pc=0x000000000cfecdc0 sp=0x000000005bfae2f0
Event: 47.155 Thread 0x0000000059a483b0 DEOPT UNPACKING pc=0x000000000540209d sp=0x000000005bfae250 mode 2
Event: 47.156 Thread 0x0000000059a483b0 Uncommon trap: trap_request=0xffffffbe fr.pc=0x000000000cfec350 relative=0x0000000000002e70
Event: 47.156 Thread 0x0000000059a483b0 Uncommon trap: reason=profile_predicate action=maybe_recompile pc=0x000000000cfec350 method=org.eclipse.jdt.internal.core.util.HashtableOfArrayToObject.get([Ljava/lang/Object;)Ljava/lang/Object; @ 64 c2
Event: 47.156 Thread 0x0000000059a483b0 DEOPT PACKING pc=0x000000000cfec350 sp=0x000000005bfae2f0
Event: 47.156 Thread 0x0000000059a483b0 DEOPT UNPACKING pc=0x000000000540209d sp=0x000000005bfae250 mode 2
Event: 47.291 Thread 0x0000000059a483b0 Uncommon trap: trap_request=0xffffff45 fr.pc=0x000000000ce8f694 relative=0x0000000000000274
Event: 47.291 Thread 0x0000000059a483b0 Uncommon trap: reason=unstable_if action=reinterpret pc=0x000000000ce8f694 method=java.util.HashMap$HashIterator.<init>(Ljava/util/HashMap;)V @ 45 c2
Event: 47.291 Thread 0x0000000059a483b0 DEOPT PACKING pc=0x000000000ce8f694 sp=0x000000005bfaf100
Event: 47.291 Thread 0x0000000059a483b0 DEOPT UNPACKING pc=0x000000000540209d sp=0x000000005bfaf098 mode 2
Event: 47.659 Thread 0x0000000059a483b0 DEOPT PACKING pc=0x0000000006052790 sp=0x000000005bfaec50
Event: 47.659 Thread 0x0000000059a483b0 DEOPT UNPACKING pc=0x0000000005402824 sp=0x000000005bfae188 mode 0

Classes unloaded (7 events):
Event: 22.972 Thread 0x0000000056d82590 Unloading class 0x0000000016e12400 'java/lang/invoke/LambdaForm$MH+0x0000000016e12400'
Event: 22.972 Thread 0x0000000056d82590 Unloading class 0x0000000016e12000 'java/lang/invoke/LambdaForm$MH+0x0000000016e12000'
Event: 22.972 Thread 0x0000000056d82590 Unloading class 0x0000000016e11c00 'java/lang/invoke/LambdaForm$MH+0x0000000016e11c00'
Event: 22.972 Thread 0x0000000056d82590 Unloading class 0x0000000016e11800 'java/lang/invoke/LambdaForm$MH+0x0000000016e11800'
Event: 22.972 Thread 0x0000000056d82590 Unloading class 0x0000000016e11000 'java/lang/invoke/LambdaForm$BMH+0x0000000016e11000'
Event: 22.972 Thread 0x0000000056d82590 Unloading class 0x0000000016e10c00 'java/lang/invoke/LambdaForm$DMH+0x0000000016e10c00'
Event: 22.972 Thread 0x0000000056d82590 Unloading class 0x0000000016e0e000 'java/lang/invoke/LambdaForm$DMH+0x0000000016e0e000'

Classes redefined (0 events):
No events

Internal exceptions (20 events):
Event: 30.530 Thread 0x0000000059307ea0 Exception <a 'java/lang/NoSuchMethodError'{0x00000000ec2be3d0}: 'java.lang.Object java.lang.invoke.DirectMethodHandle$Holder.invokeStaticInit(java.lang.Object, int, int, int, int)'> (0x00000000ec2be3d0) 
thrown [s\src\hotspot\share\interpreter\linkResolver.cpp, line 759]
Event: 30.915 Thread 0x0000000059307ea0 Exception <a 'java/lang/NoSuchMethodError'{0x00000000eab8bd60}: 'java.lang.Object java.lang.invoke.DirectMethodHandle$Holder.invokeStaticInit(java.lang.Object, java.lang.Object, int, int, int, int)'> (0x00000000eab8bd60) 
thrown [s\src\hotspot\share\interpreter\linkResolver.cpp, line 759]
Event: 31.584 Thread 0x0000000059307ea0 Exception <a 'java/lang/ClassNotFoundException'{0x00000000eaeefe88}: com/sun/org/apache/xml/internal/serializer/spi/XMLEntitiesProvider> (0x00000000eaeefe88) 
thrown [s\src\hotspot\share\classfile\systemDictionary.cpp, line 256]
Event: 32.467 Thread 0x0000000059307ea0 Exception <a 'java/io/FileNotFoundException'{0x00000000eb24d4b8}> (0x00000000eb24d4b8) 
thrown [s\src\hotspot\share\prims\jni.cpp, line 516]
Event: 34.378 Thread 0x0000000059307ea0 Exception <a 'java/lang/UnsatisfiedLinkError'{0x00000000eb5a9640}: The specified procedure could not be found.
> (0x00000000eb5a9640) 
thrown [s\src\hotspot\share\prims\jni.cpp, line 535]
Event: 34.414 Thread 0x0000000059307ea0 Exception <a 'java/io/FileNotFoundException'{0x00000000eb5cc7e0}> (0x00000000eb5cc7e0) 
thrown [s\src\hotspot\share\prims\jni.cpp, line 516]
Event: 34.550 Thread 0x0000000059307ea0 Exception <a 'java/io/FileNotFoundException'{0x00000000eb63ed98}> (0x00000000eb63ed98) 
thrown [s\src\hotspot\share\prims\jni.cpp, line 516]
Event: 34.681 Thread 0x0000000059307ea0 Exception <a 'java/lang/UnsatisfiedLinkError'{0x00000000eb6c9ad8}: The specified procedure could not be found.
> (0x00000000eb6c9ad8) 
thrown [s\src\hotspot\share\prims\jni.cpp, line 535]
Event: 35.094 Thread 0x000000000035cce0 Exception <a 'java/lang/NoSuchMethodError'{0x00000000eb7cdd98}: 'java.lang.Object java.lang.invoke.DirectMethodHandle$Holder.invokeStatic(java.lang.Object, java.lang.Object, long, java.lang.Object)'> (0x00000000eb7cdd98) 
thrown [s\src\hotspot\share\interpreter\linkResolver.cpp, line 759]
Event: 35.095 Thread 0x000000000035cce0 Exception <a 'java/lang/NoSuchMethodError'{0x00000000eb7d1830}: 'java.lang.Object java.lang.invoke.DirectMethodHandle$Holder.invokeStaticInit(java.lang.Object, java.lang.Object, long, java.lang.Object)'> (0x00000000eb7d1830) 
thrown [s\src\hotspot\share\interpreter\linkResolver.cpp, line 759]
Event: 35.096 Thread 0x000000000035cce0 Exception <a 'java/lang/NoSuchMethodError'{0x00000000eb7d7e40}: 'java.lang.Object java.lang.invoke.DirectMethodHandle$Holder.newInvokeSpecial(java.lang.Object, java.lang.Object, long)'> (0x00000000eb7d7e40) 
thrown [s\src\hotspot\share\interpreter\linkResolver.cpp, line 759]
Event: 35.097 Thread 0x000000000035cce0 Exception <a 'java/lang/NoSuchMethodError'{0x00000000eb7db880}: 'java.lang.Object java.lang.invoke.Invokers$Holder.linkToTargetMethod(java.lang.Object, long, java.lang.Object)'> (0x00000000eb7db880) 
thrown [s\src\hotspot\share\interpreter\linkResolver.cpp, line 759]
Event: 35.733 Thread 0x000000000035cce0 Exception <a 'java/lang/NoSuchMethodError'{0x00000000eb979d00}: 'void java.lang.invoke.DirectMethodHandle$Holder.invokeStatic(java.lang.Object, java.lang.Object, java.lang.Object, java.lang.Object)'> (0x00000000eb979d00) 
thrown [s\src\hotspot\share\interpreter\linkResolver.cpp, line 759]
Event: 39.081 Thread 0x000000000035cce0 Exception <a 'java/lang/NoSuchMethodError'{0x00000000ec0cd308}: 'void java.lang.invoke.DirectMethodHandle$Holder.invokeSpecial(java.lang.Object, java.lang.Object, java.lang.Object, java.lang.Object, java.lang.Object, java.lang.Object)'> (0x00000000ec0cd308) 
thrown [s\src\hotspot\share\interpreter\linkResolver.cpp, line 759]
Event: 40.684 Thread 0x0000000059a49220 Exception <a 'java/io/FileNotFoundException'{0x00000000ead2f1f0}> (0x00000000ead2f1f0) 
thrown [s\src\hotspot\share\prims\jni.cpp, line 516]
Event: 41.259 Thread 0x0000000059a49220 Exception <a 'java/lang/NoSuchMethodError'{0x00000000eb29f240}: 'int java.lang.invoke.DirectMethodHandle$Holder.invokeVirtual(java.lang.Object, java.lang.Object)'> (0x00000000eb29f240) 
thrown [s\src\hotspot\share\interpreter\linkResolver.cpp, line 759]
Event: 43.330 Thread 0x0000000059a483b0 Exception <a 'java/lang/NoSuchMethodError'{0x00000000eb5be100}: 'java.lang.Object java.lang.invoke.Invokers$Holder.invoke_MT(java.lang.Object, java.lang.Object, java.lang.Object)'> (0x00000000eb5be100) 
thrown [s\src\hotspot\share\interpreter\linkResolver.cpp, line 759]
Event: 45.827 Thread 0x0000000059a483b0 Exception <a 'java/io/FileNotFoundException'{0x00000000eb00c810}> (0x00000000eb00c810) 
thrown [s\src\hotspot\share\prims\jni.cpp, line 516]
Event: 45.828 Thread 0x0000000059a483b0 Exception <a 'java/io/FileNotFoundException'{0x00000000eb00e0e0}> (0x00000000eb00e0e0) 
thrown [s\src\hotspot\share\prims\jni.cpp, line 516]
Event: 45.830 Thread 0x0000000059a483b0 Exception <a 'java/lang/NoSuchMethodError'{0x00000000eb01a278}: 'void java.lang.invoke.DirectMethodHandle$Holder.invokeStaticInit(java.lang.Object, java.lang.Object, java.lang.Object)'> (0x00000000eb01a278) 
thrown [s\src\hotspot\share\interpreter\linkResolver.cpp, line 759]

VM Operations (20 events):
Event: 42.001 Executing VM operation: HandshakeAllThreads done
Event: 43.000 Executing VM operation: Cleanup
Event: 43.000 Executing VM operation: Cleanup done
Event: 43.630 Executing VM operation: HandshakeAllThreads
Event: 43.630 Executing VM operation: HandshakeAllThreads done
Event: 44.631 Executing VM operation: Cleanup
Event: 44.631 Executing VM operation: Cleanup done
Event: 45.726 Executing VM operation: ParallelGCFailedAllocation
Event: 45.732 Executing VM operation: ParallelGCFailedAllocation done
Event: 46.235 Executing VM operation: ParallelGCFailedAllocation
Event: 46.245 Executing VM operation: ParallelGCFailedAllocation done
Event: 46.394 Executing VM operation: ParallelGCFailedAllocation
Event: 46.687 Executing VM operation: ParallelGCFailedAllocation done
Event: 47.301 Executing VM operation: ParallelGCFailedAllocation
Event: 47.316 Executing VM operation: ParallelGCFailedAllocation done
Event: 47.468 Executing VM operation: ParallelGCFailedAllocation
Event: 47.478 Executing VM operation: ParallelGCFailedAllocation done
Event: 47.523 Executing VM operation: ParallelGCFailedAllocation
Event: 47.535 Executing VM operation: ParallelGCFailedAllocation done
Event: 47.764 Executing VM operation: CollectForMetadataAllocation

Events (20 events):
Event: 44.658 loading class java/nio/file/FileTreeWalker$EventType
Event: 44.658 loading class java/nio/file/FileTreeWalker$EventType done
Event: 44.658 loading class java/nio/file/Files$3
Event: 44.658 loading class java/nio/file/Files$3 done
Event: 44.658 loading class java/nio/file/FileVisitResult
Event: 44.658 loading class java/nio/file/FileVisitResult done
Event: 44.766 loading class java/util/regex/Pattern$BackRef
Event: 44.766 loading class java/util/regex/Pattern$BackRef done
Event: 44.797 loading class java/lang/ThreadLocal$SuppliedThreadLocal
Event: 44.797 loading class java/lang/ThreadLocal$SuppliedThreadLocal done
Event: 45.431 loading class java/nio/channels/Channels
Event: 45.431 loading class java/nio/channels/Channels done
Event: 45.431 loading class java/nio/channels/Channels$ReadableByteChannelImpl
Event: 45.431 loading class java/nio/channels/Channels$ReadableByteChannelImpl done
Event: 45.432 loading class java/nio/channels/NonWritableChannelException
Event: 45.432 loading class java/nio/channels/NonWritableChannelException done
Event: 45.432 loading class sun/nio/ch/ChannelInputStream
Event: 45.464 loading class sun/nio/ch/ChannelInputStream done
Event: 45.464 loading class java/nio/channels/SelectableChannel
Event: 45.464 loading class java/nio/channels/SelectableChannel done


Dynamic libraries:
0x000000013fb80000 - 0x000000013fb8e000 	c:\Users\com lab\.vscode\extensions\redhat.java-1.14.0-win32-x64\jre\17.0.5-win32-x86_64\bin\java.exe
0x00000000773e0000 - 0x000000007757f000 	C:\Windows\SYSTEM32\ntdll.dll
0x00000000771c0000 - 0x00000000772df000 	C:\Windows\system32\kernel32.dll
0x000007fefd170000 - 0x000007fefd1d7000 	C:\Windows\system32\KERNELBASE.dll
0x000007fef73a0000 - 0x000007fef73b7000 	c:\Users\com lab\.vscode\extensions\redhat.java-1.14.0-win32-x64\jre\17.0.5-win32-x86_64\bin\jli.dll
0x000007fefbab0000 - 0x000007fefbca5000 	C:\Windows\WinSxS\amd64_microsoft.windows.common-controls_6595b64144ccf1df_6.0.7601.24483_none_e372d88f30fbb845\COMCTL32.dll
0x000007fefe860000 - 0x000007fefe8ff000 	C:\Windows\system32\msvcrt.dll
0x000007fefeb40000 - 0x000007fefeba7000 	C:\Windows\system32\GDI32.dll
0x00000000772e0000 - 0x00000000773db000 	C:\Windows\system32\USER32.dll
0x000007fefd450000 - 0x000007fefd45e000 	C:\Windows\system32\LPK.dll
0x000007fefe420000 - 0x000007fefe4eb000 	C:\Windows\system32\USP10.dll
0x000007fefe900000 - 0x000007fefe971000 	C:\Windows\system32\SHLWAPI.dll
0x000007fef7210000 - 0x000007fef7229000 	c:\Users\com lab\.vscode\extensions\redhat.java-1.14.0-win32-x64\jre\17.0.5-win32-x86_64\bin\VCRUNTIME140.dll
0x000007fef8530000 - 0x000007fef8534000 	c:\Users\com lab\.vscode\extensions\redhat.java-1.14.0-win32-x64\jre\17.0.5-win32-x86_64\bin\api-ms-win-crt-runtime-l1-1-0.dll
0x000007fef28a0000 - 0x000007fef299a000 	c:\Users\com lab\.vscode\extensions\redhat.java-1.14.0-win32-x64\jre\17.0.5-win32-x86_64\bin\ucrtbase.DLL
0x000007fef8490000 - 0x000007fef8493000 	c:\Users\com lab\.vscode\extensions\redhat.java-1.14.0-win32-x64\jre\17.0.5-win32-x86_64\bin\api-ms-win-core-localization-l1-2-0.dll
0x000007fef7820000 - 0x000007fef7823000 	c:\Users\com lab\.vscode\extensions\redhat.java-1.14.0-win32-x64\jre\17.0.5-win32-x86_64\bin\api-ms-win-core-processthreads-l1-1-1.dll
0x000007fef7200000 - 0x000007fef7203000 	c:\Users\com lab\.vscode\extensions\redhat.java-1.14.0-win32-x64\jre\17.0.5-win32-x86_64\bin\api-ms-win-core-file-l1-2-0.dll
0x000007fef6440000 - 0x000007fef6443000 	c:\Users\com lab\.vscode\extensions\redhat.java-1.14.0-win32-x64\jre\17.0.5-win32-x86_64\bin\api-ms-win-core-timezone-l1-1-0.dll
0x000007fef6430000 - 0x000007fef6433000 	c:\Users\com lab\.vscode\extensions\redhat.java-1.14.0-win32-x64\jre\17.0.5-win32-x86_64\bin\api-ms-win-core-file-l2-1-0.dll
0x000007fef6420000 - 0x000007fef6423000 	c:\Users\com lab\.vscode\extensions\redhat.java-1.14.0-win32-x64\jre\17.0.5-win32-x86_64\bin\api-ms-win-core-synch-l1-2-0.dll
0x000007fef6310000 - 0x000007fef6313000 	c:\Users\com lab\.vscode\extensions\redhat.java-1.14.0-win32-x64\jre\17.0.5-win32-x86_64\bin\api-ms-win-crt-heap-l1-1-0.dll
0x000007fef6300000 - 0x000007fef6304000 	c:\Users\com lab\.vscode\extensions\redhat.java-1.14.0-win32-x64\jre\17.0.5-win32-x86_64\bin\api-ms-win-crt-string-l1-1-0.dll
0x000007fef62f0000 - 0x000007fef62f4000 	c:\Users\com lab\.vscode\extensions\redhat.java-1.14.0-win32-x64\jre\17.0.5-win32-x86_64\bin\api-ms-win-crt-stdio-l1-1-0.dll
0x000007fef7d90000 - 0x000007fef7d94000 	c:\Users\com lab\.vscode\extensions\redhat.java-1.14.0-win32-x64\jre\17.0.5-win32-x86_64\bin\api-ms-win-crt-convert-l1-1-0.dll
0x000007fef62e0000 - 0x000007fef62e3000 	c:\Users\com lab\.vscode\extensions\redhat.java-1.14.0-win32-x64\jre\17.0.5-win32-x86_64\bin\api-ms-win-crt-environment-l1-1-0.dll
0x000007fef62c0000 - 0x000007fef62c3000 	c:\Users\com lab\.vscode\extensions\redhat.java-1.14.0-win32-x64\jre\17.0.5-win32-x86_64\bin\api-ms-win-crt-filesystem-l1-1-0.dll
0x000007fef8140000 - 0x000007fef8145000 	c:\Users\com lab\.vscode\extensions\redhat.java-1.14.0-win32-x64\jre\17.0.5-win32-x86_64\bin\api-ms-win-crt-math-l1-1-0.dll
0x000007fef62b0000 - 0x000007fef62b3000 	c:\Users\com lab\.vscode\extensions\redhat.java-1.14.0-win32-x64\jre\17.0.5-win32-x86_64\bin\api-ms-win-crt-locale-l1-1-0.dll
0x000007fefd2f0000 - 0x000007fefd31e000 	C:\Windows\system32\IMM32.DLL
0x000007fefec10000 - 0x000007fefed1b000 	C:\Windows\system32\MSCTF.dll
0x000007fef62a0000 - 0x000007fef62ac000 	c:\Users\com lab\.vscode\extensions\redhat.java-1.14.0-win32-x64\jre\17.0.5-win32-x86_64\bin\vcruntime140_1.dll
0x000007fef5c80000 - 0x000007fef5d11000 	c:\Users\com lab\.vscode\extensions\redhat.java-1.14.0-win32-x64\jre\17.0.5-win32-x86_64\bin\msvcp140.dll
0x000007fef6290000 - 0x000007fef6293000 	c:\Users\com lab\.vscode\extensions\redhat.java-1.14.0-win32-x64\jre\17.0.5-win32-x86_64\bin\api-ms-win-crt-time-l1-1-0.dll
0x000007fef6270000 - 0x000007fef6273000 	c:\Users\com lab\.vscode\extensions\redhat.java-1.14.0-win32-x64\jre\17.0.5-win32-x86_64\bin\api-ms-win-crt-utility-l1-1-0.dll
0x000007fedb710000 - 0x000007fedc354000 	c:\Users\com lab\.vscode\extensions\redhat.java-1.14.0-win32-x64\jre\17.0.5-win32-x86_64\bin\server\jvm.dll
0x000007feff060000 - 0x000007feff13b000 	C:\Windows\system32\ADVAPI32.dll
0x000007fefeb10000 - 0x000007fefeb2f000 	C:\Windows\SYSTEM32\sechost.dll
0x000007fefd320000 - 0x000007fefd44c000 	C:\Windows\system32\RPCRT4.dll
0x000007fef6260000 - 0x000007fef6269000 	C:\Windows\system32\WSOCK32.dll
0x000007fefe3d0000 - 0x000007fefe41d000 	C:\Windows\system32\WS2_32.dll
0x000007fefeb30000 - 0x000007fefeb38000 	C:\Windows\system32\NSI.dll
0x000007fefb170000 - 0x000007fefb1ab000 	C:\Windows\system32\WINMM.dll
0x000007fefc010000 - 0x000007fefc01c000 	C:\Windows\system32\VERSION.dll
0x000007fef5c70000 - 0x000007fef5c7a000 	c:\Users\com lab\.vscode\extensions\redhat.java-1.14.0-win32-x64\jre\17.0.5-win32-x86_64\bin\jimage.dll
0x000007fef69f0000 - 0x000007fef6b15000 	C:\Windows\system32\DBGHELP.DLL
0x000007fef5c60000 - 0x000007fef5c6e000 	c:\Users\com lab\.vscode\extensions\redhat.java-1.14.0-win32-x64\jre\17.0.5-win32-x86_64\bin\instrument.dll
0x000007fef56d0000 - 0x000007fef56f5000 	c:\Users\com lab\.vscode\extensions\redhat.java-1.14.0-win32-x64\jre\17.0.5-win32-x86_64\bin\java.dll
0x000007fef8ad0000 - 0x000007fef8ae8000 	c:\Users\com lab\.vscode\extensions\redhat.java-1.14.0-win32-x64\jre\17.0.5-win32-x86_64\bin\zip.dll
0x000007fefd460000 - 0x000007fefe1eb000 	C:\Windows\system32\SHELL32.dll
0x000007fefed20000 - 0x000007fefef1f000 	C:\Windows\system32\ole32.dll
0x000007fefcf30000 - 0x000007fefcf3f000 	C:\Windows\system32\profapi.dll
0x000007fef56b0000 - 0x000007fef56c9000 	C:\Users\com lab\.vscode\extensions\redhat.java-1.14.0-win32-x64\jre\17.0.5-win32-x86_64\bin\net.dll
0x000007fef97f0000 - 0x000007fef9861000 	C:\Windows\system32\WINHTTP.dll
0x000007fef9780000 - 0x000007fef97e5000 	C:\Windows\system32\webio.dll
0x000007fefc6b0000 - 0x000007fefc705000 	C:\Windows\system32\mswsock.dll
0x000007fefc6a0000 - 0x000007fefc6a7000 	C:\Windows\System32\wship6.dll
0x000007fef5490000 - 0x000007fef54a5000 	C:\Users\com lab\.vscode\extensions\redhat.java-1.14.0-win32-x64\jre\17.0.5-win32-x86_64\bin\nio.dll
0x000007fef5c50000 - 0x000007fef5c60000 	c:\Users\com lab\.vscode\extensions\redhat.java-1.14.0-win32-x64\jre\17.0.5-win32-x86_64\bin\verify.dll
0x000007feedb40000 - 0x000007feedb7e000 	C:\Users\com lab\AppData\Roaming\Code\User\globalStorage\redhat.java\1.14.0\config_ss_win\org.eclipse.equinox.launcher\org.eclipse.equinox.launcher.win32.win32.x86_64_1.2.700.v20221108-1024\eclipse_11801.dll
0x000007fefc710000 - 0x000007fefc728000 	C:\Windows\system32\CRYPTSP.dll
0x000007fefc410000 - 0x000007fefc457000 	C:\Windows\system32\rsaenh.dll
0x000007fefd2d0000 - 0x000007fefd2ef000 	C:\Windows\system32\USERENV.dll
0x000007fefcdd0000 - 0x000007fefcddf000 	C:\Windows\system32\CRYPTBASE.dll
0x000007fefa920000 - 0x000007fefa947000 	C:\Windows\system32\IPHLPAPI.DLL
0x000007fefa8f0000 - 0x000007fefa8fb000 	C:\Windows\system32\WINNSI.DLL
0x000007fefa7d0000 - 0x000007fefa7e1000 	C:\Windows\system32\dhcpcsvc6.DLL
0x000007fefa7b0000 - 0x000007fefa7c8000 	C:\Windows\system32\dhcpcsvc.DLL
0x000007feedb00000 - 0x000007feedb40000 	C:\Users\com lab\AppData\Local\Temp\jna-948110958\jna14600204688002264837.dll
0x0000000077590000 - 0x0000000077597000 	C:\Windows\system32\PSAPI.DLL
0x000007fefcd40000 - 0x000007fefcd65000 	C:\Windows\system32\SspiCli.dll
0x000007fefc360000 - 0x000007fefc36a000 	C:\Windows\system32\credssp.dll
0x000007fefcfb0000 - 0x000007fefcfe6000 	C:\Windows\system32\CFGMGR32.dll

dbghelp: loaded successfully - version: 4.0.5 - missing functions: none
symbol engine: initialized successfully - sym options: 0x614 - pdb path: .;c:\Users\com lab\.vscode\extensions\redhat.java-1.14.0-win32-x64\jre\17.0.5-win32-x86_64\bin;C:\Windows\SYSTEM32;C:\Windows\WinSxS\amd64_microsoft.windows.common-controls_6595b64144ccf1df_6.0.7601.24483_none_e372d88f30fbb845;c:\Users\com lab\.vscode\extensions\redhat.java-1.14.0-win32-x64\jre\17.0.5-win32-x86_64\bin\server;C:\Users\com lab\AppData\Roaming\Code\User\globalStorage\redhat.java\1.14.0\config_ss_win\org.eclipse.equinox.launcher\org.eclipse.equinox.launcher.win32.win32.x86_64_1.2.700.v20221108-1024;C:\Users\com lab\AppData\Local\Temp\jna-948110958

VM Arguments:
jvm_args: --add-modules=ALL-SYSTEM --add-opens=java.base/java.util=ALL-UNNAMED --add-opens=java.base/java.lang=ALL-UNNAMED --add-opens=java.base/sun.nio.fs=ALL-UNNAMED -Declipse.application=org.eclipse.jdt.ls.core.id1 -Dosgi.bundles.defaultStartLevel=4 -Declipse.product=org.eclipse.jdt.ls.core.product -Djava.import.generatesMetadataFilesAtProjectRoot=false -Dfile.encoding=utf8 -XX:+UseParallelGC -XX:GCTimeRatio=4 -XX:AdaptiveSizePolicyWeight=90 -Dsun.zip.disableMemoryMapping=true -Xmx1G -Xms100m -Xlog:disable -javaagent:c:\Users\com lab\.vscode\extensions\redhat.java-1.14.0-win32-x64\lombok\lombok-1.18.24.jar 
java_command: c:\Users\com lab\.vscode\extensions\redhat.java-1.14.0-win32-x64\server\plugins\org.eclipse.equinox.launcher_1.6.400.v20210924-0641.jar -configuration c:\Users\com lab\AppData\Roaming\Code\User\globalStorage\redhat.java\1.14.0\config_ss_win -data c:\Users\com lab\AppData\Roaming\Code\User\workspaceStorage\37b1555de8e20804078118a20200c750\redhat.java\ss_ws
java_class_path (initial): c:\Users\com lab\.vscode\extensions\redhat.java-1.14.0-win32-x64\server\plugins\org.eclipse.equinox.launcher_1.6.400.v20210924-0641.jar
Launcher Type: SUN_STANDARD

[Global flags]
    uintx AdaptiveSizePolicyWeight                 = 90                                        {product} {command line}
     intx CICompilerCount                          = 2                                         {product} {ergonomic}
    uintx GCTimeRatio                              = 4                                         {product} {command line}
   size_t InitialHeapSize                          = 104857600                                 {product} {command line}
   size_t MaxHeapSize                              = 1073741824                                {product} {command line}
   size_t MaxNewSize                               = 357564416                                 {product} {ergonomic}
   size_t MinHeapDeltaBytes                        = 524288                                    {product} {ergonomic}
   size_t MinHeapSize                              = 104857600                                 {product} {command line}
   size_t NewSize                                  = 34603008                                  {product} {ergonomic}
    uintx NonNMethodCodeHeapSize                   = 5826188                                {pd product} {ergonomic}
    uintx NonProfiledCodeHeapSize                  = 122916026                              {pd product} {ergonomic}
   size_t OldSize                                  = 70254592                                  {product} {ergonomic}
    uintx ProfiledCodeHeapSize                     = 122916026                              {pd product} {ergonomic}
    uintx ReservedCodeCacheSize                    = 251658240                              {pd product} {ergonomic}
     bool SegmentedCodeCache                       = true                                      {product} {ergonomic}
   size_t SoftMaxHeapSize                          = 1073741824                             {manageable} {ergonomic}
     bool UseCompressedClassPointers               = true                           {product lp64_product} {ergonomic}
     bool UseCompressedOops                        = true                           {product lp64_product} {ergonomic}
     bool UseLargePagesIndividualAllocation        = false                                  {pd product} {ergonomic}
     bool UseParallelGC                            = true                                      {product} {command line}

Logging:
Log output configuration:
 #0: stdout all=off uptime,level,tags
 #1: stderr all=off uptime,level,tags

Environment Variables:
JAVA_HOME=C:\Program Files\Eclipse Adoptium\jdk-11.0.16.101-hotspot\
PATH=C:\Program Files\Eclipse Adoptium\jdk-11.0.16.101-hotspot\bin;C:\Windows\system32;C:\Windows;C:\Windows\System32\Wbem;C:\Windows\System32\WindowsPowerShell\v1.0\;C:\Program Files (x86)\Common Files\Acronis\SnapAPI\;C:\Users\com lab\Desktop\aloe\apache-maven-3.8.6\bin;C:\Users\com lab\Desktop\aloe\Microsoft VS Code\bin;C:\Program Files\Git\cmd;C:\Users\com lab\Desktop\aloe\Microsoft VS Code\bin;C:\Users\com lab\AppData\Local\GitHubDesktop\bin
USERNAME=com lab
OS=Windows_NT
PROCESSOR_IDENTIFIER=Intel64 Family 6 Model 23 Stepping 10, GenuineIntel
TMP=C:\Users\COMLAB~1\AppData\Local\Temp
TEMP=C:\Users\COMLAB~1\AppData\Local\Temp



---------------  S Y S T E M  ---------------

OS:
 Windows 7 , 64 bit Build 7601 (6.1.7601.24545)
OS uptime: 0 days 1:06 hours

CPU: total 2 (initial active 2) (2 cores per cpu, 1 threads per core) family 6 model 23 stepping 10 microcode 0x0, cx8, cmov, fxsr, mmx, sse, sse2, sse3, ssse3, tsc, clflush

Memory: 4k page, system-wide physical 2047M (122M free)
TotalPageFile size 8188M (AvailPageFile size 74M)
current process WorkingSet (physical memory assigned to process): 154M, peak: 154M
current process commit charge ("private bytes"): 233M, peak: 234M

vm_info: OpenJDK 64-Bit Server VM (17.0.5+8) for windows-amd64 JRE (17.0.5+8), built on Oct 19 2022 04:48:13 by "temurin" with MS VC++ 16.7 (VS2019)

END.
